<?xml version="1.0" encoding="UTF-8"?>
<!-- Generated by org.testng.reporters.JUnitReportReporter -->
<testsuite hostname="Sadique" failures="0" tests="2" name="pack2.orgTest" time="0.002" errors="0" timestamp="2025-08-12T15:26:05 IST" skipped="0">
  <testcase classname="pack2.orgTest" name="createorgTest" time="0.001"/>
  <testcase classname="pack2.orgTest" name="modifyorgTest" time="0.001"/>
</testsuite> <!-- pack2.orgTest -->
