<?xml version="1.0" encoding="UTF-8"?>
<!-- Generated by org.testng.reporters.JUnitReportReporter -->
<testsuite hostname="Sadique" failures="0" tests="2" name="pack1.ContactTest" time="0.009" errors="0" timestamp="2025-08-12T15:26:05 IST" skipped="0">
  <testcase classname="pack1.ContactTest" name="creatContactTest" time="0.008"/>
  <testcase classname="pack1.ContactTest" name="modifyContactTest" time="0.001"/>
</testsuite> <!-- pack1.ContactTest -->
